The system is: Windows - 10.0.22000 - AMD64
Compiling the C compiler identification source file "CMakeCCompilerId.c" succeeded.
Compiler: C:/Program Files/Microsoft Visual Studio/2022/Community/VC/Tools/MSVC/14.31.31103/bin/Hostx86/x86/cl.exe 
Build flags: 
Id flags:  

The output was:
0
Microsoft (R) C/C++ Optimizing Compiler Version 19.31.31105 for x86
Copyright (C) Microsoft Corporation.  All rights reserved.

CMakeCCompilerId.c
Microsoft (R) Incremental Linker Version 14.31.31105.0
Copyright (C) Microsoft Corporation.  All rights reserved.

/out:CMakeCCompilerId.exe 
CMakeCCompilerId.obj 


Compilation of the C compiler identification source "CMakeCCompilerId.c" produced "CMakeCCompilerId.exe"

Compilation of the C compiler identification source "CMakeCCompilerId.c" produced "CMakeCCompilerId.obj"

The C compiler identification is MSVC, found in "C:/Users/lenovo/OneDrive/Documents/programing projercts/Data Structures/ex1/cmake-build-debug/CMakeFiles/3.20.2/CompilerIdC/CMakeCCompilerId.exe"

Compiling the CXX compiler identification source file "CMakeCXXCompilerId.cpp" succeeded.
Compiler: C:/Program Files/Microsoft Visual Studio/2022/Community/VC/Tools/MSVC/14.31.31103/bin/Hostx86/x86/cl.exe 
Build flags: 
Id flags:  

The output was:
0
Microsoft (R) C/C++ Optimizing Compiler Version 19.31.31105 for x86
Copyright (C) Microsoft Corporation.  All rights reserved.

CMakeCXXCompilerId.cpp
Microsoft (R) Incremental Linker Version 14.31.31105.0
Copyright (C) Microsoft Corporation.  All rights reserved.

/out:CMakeCXXCompilerId.exe 
CMakeCXXCompilerId.obj 


Compilation of the CXX compiler identification source "CMakeCXXCompilerId.cpp" produced "CMakeCXXCompilerId.exe"

Compilation of the CXX compiler identification source "CMakeCXXCompilerId.cpp" produced "CMakeCXXCompilerId.obj"

The CXX compiler identification is MSVC, found in "C:/Users/lenovo/OneDrive/Documents/programing projercts/Data Structures/ex1/cmake-build-debug/CMakeFiles/3.20.2/CompilerIdCXX/CMakeCXXCompilerId.exe"

Detecting C compiler ABI info compiled with the following output:
Change Dir: C:/Users/lenovo/OneDrive/Documents/programing projercts/Data Structures/ex1/cmake-build-debug/CMakeFiles/CMakeTmp

Run Build Command(s):nmake -f Makefile /nologo cmTC_ef41f\fast && 	"C:\Program Files\Microsoft Visual Studio\2022\Community\VC\Tools\MSVC\14.31.31103\bin\HostX86\x86\nmake.exe"  -f CMakeFiles\cmTC_ef41f.dir\build.make /nologo -L                  CMakeFiles\cmTC_ef41f.dir\build
Building C object CMakeFiles/cmTC_ef41f.dir/CMakeCCompilerABI.c.obj
	"C:\Program Files\JetBrains\CLion 2021.2.3\bin\cmake\win\bin\cmake.exe" -E cmake_cl_compile_depends --dep-file=CMakeFiles\cmTC_ef41f.dir\CMakeCCompilerABI.c.obj.d --working-dir="C:\Users\lenovo\OneDrive\Documents\programing projercts\Data Structures\ex1\cmake-build-debug\CMakeFiles\CMakeTmp" --filter-prefix="" -- C:\PROGRA~1\MICROS~4\2022\COMMUN~1\VC\Tools\MSVC\1431~1.311\bin\Hostx86\x86\cl.exe @C:\Users\lenovo\AppData\Local\Temp\nm231D.tmp
Linking C executable cmTC_ef41f.exe
	"C:\Program Files\JetBrains\CLion 2021.2.3\bin\cmake\win\bin\cmake.exe" -E vs_link_exe --intdir=CMakeFiles\cmTC_ef41f.dir --rc=C:\PROGRA~2\WI3CF2~1\10\bin\100190~1.0\x86\rc.exe --mt=C:\PROGRA~2\WI3CF2~1\10\bin\100190~1.0\x86\mt.exe --manifests -- C:\PROGRA~1\MICROS~4\2022\COMMUN~1\VC\Tools\MSVC\1431~1.311\bin\Hostx86\x86\link.exe /nologo @CMakeFiles\cmTC_ef41f.dir\objects1.rsp @C:\Users\lenovo\AppData\Local\Temp\nm24F3.tmp



Detecting CXX compiler ABI info compiled with the following output:
Change Dir: C:/Users/lenovo/OneDrive/Documents/programing projercts/Data Structures/ex1/cmake-build-debug/CMakeFiles/CMakeTmp

Run Build Command(s):nmake -f Makefile /nologo cmTC_32138\fast && 	"C:\Program Files\Microsoft Visual Studio\2022\Community\VC\Tools\MSVC\14.31.31103\bin\HostX86\x86\nmake.exe"  -f CMakeFiles\cmTC_32138.dir\build.make /nologo -L                  CMakeFiles\cmTC_32138.dir\build
Building CXX object CMakeFiles/cmTC_32138.dir/CMakeCXXCompilerABI.cpp.obj
	"C:\Program Files\JetBrains\CLion 2021.2.3\bin\cmake\win\bin\cmake.exe" -E cmake_cl_compile_depends --dep-file=CMakeFiles\cmTC_32138.dir\CMakeCXXCompilerABI.cpp.obj.d --working-dir="C:\Users\lenovo\OneDrive\Documents\programing projercts\Data Structures\ex1\cmake-build-debug\CMakeFiles\CMakeTmp" --filter-prefix="" -- C:\PROGRA~1\MICROS~4\2022\COMMUN~1\VC\Tools\MSVC\1431~1.311\bin\Hostx86\x86\cl.exe @C:\Users\lenovo\AppData\Local\Temp\nm27F0.tmp
Linking CXX executable cmTC_32138.exe
	"C:\Program Files\JetBrains\CLion 2021.2.3\bin\cmake\win\bin\cmake.exe" -E vs_link_exe --intdir=CMakeFiles\cmTC_32138.dir --rc=C:\PROGRA~2\WI3CF2~1\10\bin\100190~1.0\x86\rc.exe --mt=C:\PROGRA~2\WI3CF2~1\10\bin\100190~1.0\x86\mt.exe --manifests -- C:\PROGRA~1\MICROS~4\2022\COMMUN~1\VC\Tools\MSVC\1431~1.311\bin\Hostx86\x86\link.exe /nologo @CMakeFiles\cmTC_32138.dir\objects1.rsp @C:\Users\lenovo\AppData\Local\Temp\nm28CC.tmp



